[25-May-2014 16:10:39 UTC] PHP Notice:  Constant ABSPATH already defined in /homez.343/immoneda/www/wp-load.php on line 22
[25-May-2014 16:10:42 UTC] PHP Notice:  Constant ABSPATH already defined in /homez.343/immoneda/www/wp-load.php on line 22
[25-May-2014 16:11:21 UTC] PHP Notice:  Constant ABSPATH already defined in /homez.343/immoneda/www/wp-load.php on line 22
[25-May-2014 16:11:33 UTC] PHP Notice:  Constant ABSPATH already defined in /homez.343/immoneda/www/wp-load.php on line 22
[25-May-2014 16:11:38 UTC] PHP Notice:  Constant ABSPATH already defined in /homez.343/immoneda/www/wp-load.php on line 22
[25-May-2014 16:11:41 UTC] PHP Notice:  Constant ABSPATH already defined in /homez.343/immoneda/www/wp-load.php on line 22
[25-May-2014 16:11:46 UTC] PHP Notice:  Constant ABSPATH already defined in /homez.343/immoneda/www/wp-load.php on line 22
[25-May-2014 16:11:48 UTC] PHP Notice:  Constant ABSPATH already defined in /homez.343/immoneda/www/wp-load.php on line 22
[25-May-2014 16:11:50 UTC] PHP Notice:  Constant ABSPATH already defined in /homez.343/immoneda/www/wp-load.php on line 22
[25-May-2014 16:11:56 UTC] PHP Notice:  Constant ABSPATH already defined in /homez.343/immoneda/www/wp-load.php on line 22
[25-May-2014 16:12:22 UTC] PHP Warning:  rename(/homez.343/immoneda/www/fre/adenimmoeb4allcz_IMMONET_20140515111726.zip,/homez.343/immoneda/www/fre/archiv/adenimmoeb4allcz_IMMONET_20140515111726.zip): No such file or directory in /homez.343/immoneda/www/wp-content/plugins/estateprogram/public/class-sourceimport.php on line 92
[25-May-2014 16:12:22 UTC] PHP Warning:  ZipArchive::extractTo(): Invalid or unitialized Zip object in /homez.343/immoneda/www/wp-content/plugins/estateprogram/public/class-sourceimport.php on line 473
[25-May-2014 16:12:40 UTC] PHP Warning:  rename(/homez.343/immoneda/www/eng/adenimmoeb4allcz_IMMONET_20140513170823.zip,/homez.343/immoneda/www/eng/archiv/adenimmoeb4allcz_IMMONET_20140513170823.zip): No such file or directory in /homez.343/immoneda/www/wp-content/plugins/estateprogram/public/class-sourceimport.php on line 92
[25-May-2014 16:13:02 UTC] PHP Warning:  rename(/homez.343/immoneda/www/fre/adenimmoeb4allcz_IMMONET_20140515111520.zip,/homez.343/immoneda/www/fre/archiv/adenimmoeb4allcz_IMMONET_20140515111520.zip): No such file or directory in /homez.343/immoneda/www/wp-content/plugins/estateprogram/public/class-sourceimport.php on line 92
[25-May-2014 16:13:24 UTC] PHP Warning:  rename(/homez.343/immoneda/www/fre/adenimmoeb4allcz_IMMONET_20140515111437.zip,/homez.343/immoneda/www/fre/archiv/adenimmoeb4allcz_IMMONET_20140515111437.zip): No such file or directory in /homez.343/immoneda/www/wp-content/plugins/estateprogram/public/class-sourceimport.php on line 92
[25-May-2014 16:13:41 UTC] PHP Warning:  rename(/homez.343/immoneda/www/eng/adenimmoeb4allcz_IMMONET_20140515111603.zip,/homez.343/immoneda/www/eng/archiv/adenimmoeb4allcz_IMMONET_20140515111603.zip): No such file or directory in /homez.343/immoneda/www/wp-content/plugins/estateprogram/public/class-sourceimport.php on line 92
[25-May-2014 16:13:58 UTC] PHP Warning:  rename(/homez.343/immoneda/www/fre/adenimmoeb4allcz_IMMONET_20140515111640.zip,/homez.343/immoneda/www/fre/archiv/adenimmoeb4allcz_IMMONET_20140515111640.zip): No such file or directory in /homez.343/immoneda/www/wp-content/plugins/estateprogram/public/class-sourceimport.php on line 92
[25-May-2014 16:14:15 UTC] PHP Warning:  rename(/homez.343/immoneda/www/eng/adenimmoeb4allcz_IMMONET_20140515111804.zip,/homez.343/immoneda/www/eng/archiv/adenimmoeb4allcz_IMMONET_20140515111804.zip): No such file or directory in /homez.343/immoneda/www/wp-content/plugins/estateprogram/public/class-sourceimport.php on line 92
[25-May-2014 16:28:59 UTC] PHP Notice:  Constant ABSPATH already defined in /homez.343/immoneda/www/wp-load.php on line 22
[25-May-2014 16:29:05 UTC] PHP Notice:  Constant ABSPATH already defined in /homez.343/immoneda/www/wp-load.php on line 22
[25-May-2014 16:29:10 UTC] PHP Notice:  Constant ABSPATH already defined in /homez.343/immoneda/www/wp-load.php on line 22
[25-May-2014 16:29:11 UTC] PHP Notice:  Constant ABSPATH already defined in /homez.343/immoneda/www/wp-load.php on line 22
[25-May-2014 16:29:14 UTC] PHP Notice:  Constant ABSPATH already defined in /homez.343/immoneda/www/wp-load.php on line 22
[25-May-2014 16:29:17 UTC] PHP Notice:  Constant ABSPATH already defined in /homez.343/immoneda/www/wp-load.php on line 22
[25-May-2014 16:29:18 UTC] PHP Notice:  Constant ABSPATH already defined in /homez.343/immoneda/www/wp-load.php on line 22
[25-May-2014 16:29:43 UTC] PHP Warning:  rename(/homez.343/immoneda/www/fre/adenimmoeb4allcz_IMMONET_20140515111726.zip,): No such file or directory in /homez.343/immoneda/www/wp-content/plugins/estateprogram/public/class-sourceimport.php on line 96
[25-May-2014 16:29:43 UTC] PHP Warning:  rename(/homez.343/immoneda/www/fre/adenimmoeb4allcz_IMMONET_20140515111726.zip,): No such file or directory in /homez.343/immoneda/www/wp-content/plugins/estateprogram/public/class-sourceimport.php on line 96
[25-May-2014 16:30:01 UTC] PHP Warning:  rename(/homez.343/immoneda/www/eng/adenimmoeb4allcz_IMMONET_20140513170823.zip,): No such file or directory in /homez.343/immoneda/www/wp-content/plugins/estateprogram/public/class-sourceimport.php on line 96
[25-May-2014 16:30:01 UTC] PHP Warning:  rename(/homez.343/immoneda/www/eng/adenimmoeb4allcz_IMMONET_20140513170823.zip,): No such file or directory in /homez.343/immoneda/www/wp-content/plugins/estateprogram/public/class-sourceimport.php on line 96
[25-May-2014 16:30:32 UTC] PHP Warning:  rename(/homez.343/immoneda/www/fre/adenimmoeb4allcz_IMMONET_20140515111520.zip,): No such file or directory in /homez.343/immoneda/www/wp-content/plugins/estateprogram/public/class-sourceimport.php on line 96
[25-May-2014 16:30:32 UTC] PHP Warning:  rename(/homez.343/immoneda/www/fre/adenimmoeb4allcz_IMMONET_20140515111520.zip,): No such file or directory in /homez.343/immoneda/www/wp-content/plugins/estateprogram/public/class-sourceimport.php on line 96
[25-May-2014 16:30:32 UTC] PHP Warning:  rename(/homez.343/immoneda/www/eng/adenimmoeb4allcz_IMMONET_20140515111525.zip,): No such file or directory in /homez.343/immoneda/www/wp-content/plugins/estateprogram/public/class-sourceimport.php on line 96
[25-May-2014 16:30:55 UTC] PHP Warning:  rename(/homez.343/immoneda/www/fre/adenimmoeb4allcz_IMMONET_20140515111437.zip,): No such file or directory in /homez.343/immoneda/www/wp-content/plugins/estateprogram/public/class-sourceimport.php on line 96
[25-May-2014 16:30:55 UTC] PHP Warning:  rename(/homez.343/immoneda/www/fre/adenimmoeb4allcz_IMMONET_20140515111437.zip,): No such file or directory in /homez.343/immoneda/www/wp-content/plugins/estateprogram/public/class-sourceimport.php on line 96
[25-May-2014 16:31:09 UTC] PHP Warning:  rename(/homez.343/immoneda/www/eng/adenimmoeb4allcz_IMMONET_20140515111603.zip,): No such file or directory in /homez.343/immoneda/www/wp-content/plugins/estateprogram/public/class-sourceimport.php on line 96
[25-May-2014 16:31:09 UTC] PHP Warning:  rename(/homez.343/immoneda/www/eng/adenimmoeb4allcz_IMMONET_20140515111603.zip,): No such file or directory in /homez.343/immoneda/www/wp-content/plugins/estateprogram/public/class-sourceimport.php on line 96
[25-May-2014 16:31:10 UTC] PHP Warning:  rename(/homez.343/immoneda/www/fre/adenimmoeb4allcz_IMMONET_20140515111557.zip,): No such file or directory in /homez.343/immoneda/www/wp-content/plugins/estateprogram/public/class-sourceimport.php on line 96
[25-May-2014 16:31:11 UTC] PHP Warning:  rename(/homez.343/immoneda/www/eng/adenimmoeb4allcz_IMMONET_20140514174726.zip,): No such file or directory in /homez.343/immoneda/www/wp-content/plugins/estateprogram/public/class-sourceimport.php on line 96
[25-May-2014 16:31:25 UTC] PHP Warning:  rename(/homez.343/immoneda/www/fre/adenimmoeb4allcz_IMMONET_20140515111640.zip,): No such file or directory in /homez.343/immoneda/www/wp-content/plugins/estateprogram/public/class-sourceimport.php on line 96
[25-May-2014 16:31:26 UTC] PHP Warning:  rename(/homez.343/immoneda/www/fre/adenimmoeb4allcz_IMMONET_20140515111640.zip,): No such file or directory in /homez.343/immoneda/www/wp-content/plugins/estateprogram/public/class-sourceimport.php on line 96
[25-May-2014 16:31:26 UTC] PHP Warning:  rename(/homez.343/immoneda/www/eng/adenimmoeb4allcz_IMMONET_20140515111731.zip,): No such file or directory in /homez.343/immoneda/www/wp-content/plugins/estateprogram/public/class-sourceimport.php on line 96
[25-May-2014 16:31:27 UTC] PHP Warning:  rename(/homez.343/immoneda/www/fre/adenimmoeb4allcz_IMMONET_20140515111525.zip,): No such file or directory in /homez.343/immoneda/www/wp-content/plugins/estateprogram/public/class-sourceimport.php on line 96
[25-May-2014 16:31:28 UTC] PHP Notice:  Constant ABSPATH already defined in /homez.343/immoneda/www/wp-load.php on line 22
[25-May-2014 16:31:44 UTC] PHP Warning:  unlink(/homez.343/immoneda/www/eng/temp/Foto_20400.jpg): No such file or directory in /homez.343/immoneda/www/wp-content/plugins/estateprogram/public/class-sourceimport.php on line 83
[25-May-2014 16:31:44 UTC] PHP Warning:  unlink(/homez.343/immoneda/www/eng/temp/Foto_20542.jpg): No such file or directory in /homez.343/immoneda/www/wp-content/plugins/estateprogram/public/class-sourceimport.php on line 83
[25-May-2014 16:31:44 UTC] PHP Warning:  unlink(/homez.343/immoneda/www/eng/temp/Foto_20544.jpg): No such file or directory in /homez.343/immoneda/www/wp-content/plugins/estateprogram/public/class-sourceimport.php on line 83
[25-May-2014 16:31:44 UTC] PHP Warning:  unlink(/homez.343/immoneda/www/eng/temp/Foto_20552.jpg): No such file or directory in /homez.343/immoneda/www/wp-content/plugins/estateprogram/public/class-sourceimport.php on line 83
[25-May-2014 16:31:44 UTC] PHP Warning:  unlink(/homez.343/immoneda/www/eng/temp/Foto_22240.jpg): No such file or directory in /homez.343/immoneda/www/wp-content/plugins/estateprogram/public/class-sourceimport.php on line 83
[25-May-2014 16:31:44 UTC] PHP Warning:  rename(/homez.343/immoneda/www/eng/adenimmoeb4allcz_IMMONET_20140515111804.zip,): No such file or directory in /homez.343/immoneda/www/wp-content/plugins/estateprogram/public/class-sourceimport.php on line 96
[25-May-2014 16:31:44 UTC] PHP Warning:  unlink(/homez.343/immoneda/www/eng/temp/Foto_22242.jpg): No such file or directory in /homez.343/immoneda/www/wp-content/plugins/estateprogram/public/class-sourceimport.php on line 83
[25-May-2014 16:31:44 UTC] PHP Warning:  unlink(/homez.343/immoneda/www/eng/temp/Foto_22250.jpg): No such file or directory in /homez.343/immoneda/www/wp-content/plugins/estateprogram/public/class-sourceimport.php on line 83
[25-May-2014 16:31:44 UTC] PHP Warning:  unlink(/homez.343/immoneda/www/eng/temp/adenimmoeb4allcz_IMMONET_20140515111804.xml): No such file or directory in /homez.343/immoneda/www/wp-content/plugins/estateprogram/public/class-sourceimport.php on line 83
[25-May-2014 16:31:44 UTC] PHP Warning:  rename(/homez.343/immoneda/www/eng/adenimmoeb4allcz_IMMONET_20140515111804.zip,): No such file or directory in /homez.343/immoneda/www/wp-content/plugins/estateprogram/public/class-sourceimport.php on line 96
[25-May-2014 16:31:44 UTC] PHP Warning:  rename(/homez.343/immoneda/www/fre/adenimmoeb4allcz_IMMONET_20140515111758.zip,): No such file or directory in /homez.343/immoneda/www/wp-content/plugins/estateprogram/public/class-sourceimport.php on line 96
[25-May-2014 16:31:45 UTC] PHP Warning:  rename(/homez.343/immoneda/www/eng/adenimmoeb4allcz_IMMONET_20140515111444.zip,): No such file or directory in /homez.343/immoneda/www/wp-content/plugins/estateprogram/public/class-sourceimport.php on line 96
[25-May-2014 16:31:46 UTC] PHP Warning:  rename(/homez.343/immoneda/www/fre/adenimmoeb4allcz_IMMONET_20140513170817.zip,): No such file or directory in /homez.343/immoneda/www/wp-content/plugins/estateprogram/public/class-sourceimport.php on line 96
[25-May-2014 16:31:46 UTC] PHP Warning:  rename(/homez.343/immoneda/www/eng/adenimmoeb4allcz_IMMONET_20140515111653.zip,): No such file or directory in /homez.343/immoneda/www/wp-content/plugins/estateprogram/public/class-sourceimport.php on line 96
[25-May-2014 16:35:04 UTC] PHP Notice:  Constant ABSPATH already defined in /homez.343/immoneda/www/wp-load.php on line 22
[25-May-2014 16:35:12 UTC] PHP Warning:  rename(/homez.343/immoneda/www/fre/adenimmoeb4allcz_IMMONET_20140515111437.zip,): No such file or directory in /homez.343/immoneda/www/wp-content/plugins/estateprogram/public/class-sourceimport.php on line 96
[25-May-2014 16:35:12 UTC] PHP Warning:  rename(/homez.343/immoneda/www/eng/adenimmoeb4allcz_IMMONET_20140515111603.zip,): No such file or directory in /homez.343/immoneda/www/wp-content/plugins/estateprogram/public/class-sourceimport.php on line 96
[25-May-2014 16:35:13 UTC] PHP Warning:  rename(/homez.343/immoneda/www/fre/adenimmoeb4allcz_IMMONET_20140515111557.zip,): No such file or directory in /homez.343/immoneda/www/wp-content/plugins/estateprogram/public/class-sourceimport.php on line 96
[25-May-2014 16:35:14 UTC] PHP Warning:  rename(/homez.343/immoneda/www/eng/adenimmoeb4allcz_IMMONET_20140514174726.zip,): No such file or directory in /homez.343/immoneda/www/wp-content/plugins/estateprogram/public/class-sourceimport.php on line 96
[25-May-2014 16:35:23 UTC] PHP Warning:  rename(/homez.343/immoneda/www/fre/adenimmoeb4allcz_IMMONET_20140515111640.zip,): No such file or directory in /homez.343/immoneda/www/wp-content/plugins/estateprogram/public/class-sourceimport.php on line 96
[25-May-2014 16:35:24 UTC] PHP Warning:  rename(/homez.343/immoneda/www/eng/adenimmoeb4allcz_IMMONET_20140515111731.zip,): No such file or directory in /homez.343/immoneda/www/wp-content/plugins/estateprogram/public/class-sourceimport.php on line 96
[25-May-2014 16:35:25 UTC] PHP Warning:  rename(/homez.343/immoneda/www/fre/adenimmoeb4allcz_IMMONET_20140515111525.zip,): No such file or directory in /homez.343/immoneda/www/wp-content/plugins/estateprogram/public/class-sourceimport.php on line 96
[25-May-2014 16:35:25 UTC] PHP Warning:  rename(/homez.343/immoneda/www/eng/adenimmoeb4allcz_IMMONET_20140515111804.zip,): No such file or directory in /homez.343/immoneda/www/wp-content/plugins/estateprogram/public/class-sourceimport.php on line 96
[25-May-2014 16:35:26 UTC] PHP Warning:  rename(/homez.343/immoneda/www/fre/adenimmoeb4allcz_IMMONET_20140515111758.zip,): No such file or directory in /homez.343/immoneda/www/wp-content/plugins/estateprogram/public/class-sourceimport.php on line 96
[25-May-2014 16:35:27 UTC] PHP Warning:  rename(/homez.343/immoneda/www/eng/adenimmoeb4allcz_IMMONET_20140515111444.zip,): No such file or directory in /homez.343/immoneda/www/wp-content/plugins/estateprogram/public/class-sourceimport.php on line 96
[25-May-2014 16:35:28 UTC] PHP Warning:  rename(/homez.343/immoneda/www/fre/adenimmoeb4allcz_IMMONET_20140513170817.zip,): No such file or directory in /homez.343/immoneda/www/wp-content/plugins/estateprogram/public/class-sourceimport.php on line 96
[25-May-2014 16:35:28 UTC] PHP Warning:  rename(/homez.343/immoneda/www/eng/adenimmoeb4allcz_IMMONET_20140515111653.zip,): No such file or directory in /homez.343/immoneda/www/wp-content/plugins/estateprogram/public/class-sourceimport.php on line 96
[25-May-2014 16:36:26 UTC] PHP Notice:  Constant ABSPATH already defined in /homez.343/immoneda/www/wp-load.php on line 22
[25-May-2014 16:36:28 UTC] PHP Warning:  rename(/homez.343/immoneda/www/fre/adenimmoeb4allcz_IMMONET_20140515111726.zip,): No such file or directory in /homez.343/immoneda/www/wp-content/plugins/estateprogram/public/class-sourceimport.php on line 96
[25-May-2014 16:36:29 UTC] PHP Warning:  rename(/homez.343/immoneda/www/eng/adenimmoeb4allcz_IMMONET_20140513170823.zip,): No such file or directory in /homez.343/immoneda/www/wp-content/plugins/estateprogram/public/class-sourceimport.php on line 96
[25-May-2014 16:36:30 UTC] PHP Warning:  rename(/homez.343/immoneda/www/fre/adenimmoeb4allcz_IMMONET_20140515111520.zip,): No such file or directory in /homez.343/immoneda/www/wp-content/plugins/estateprogram/public/class-sourceimport.php on line 96
[25-May-2014 16:36:30 UTC] PHP Warning:  rename(/homez.343/immoneda/www/eng/adenimmoeb4allcz_IMMONET_20140515111525.zip,): No such file or directory in /homez.343/immoneda/www/wp-content/plugins/estateprogram/public/class-sourceimport.php on line 96
[25-May-2014 16:36:31 UTC] PHP Warning:  rename(/homez.343/immoneda/www/fre/adenimmoeb4allcz_IMMONET_20140515111437.zip,): No such file or directory in /homez.343/immoneda/www/wp-content/plugins/estateprogram/public/class-sourceimport.php on line 96
[25-May-2014 16:36:32 UTC] PHP Warning:  rename(/homez.343/immoneda/www/eng/adenimmoeb4allcz_IMMONET_20140515111603.zip,): No such file or directory in /homez.343/immoneda/www/wp-content/plugins/estateprogram/public/class-sourceimport.php on line 96
[25-May-2014 16:36:32 UTC] PHP Warning:  rename(/homez.343/immoneda/www/fre/adenimmoeb4allcz_IMMONET_20140515111557.zip,): No such file or directory in /homez.343/immoneda/www/wp-content/plugins/estateprogram/public/class-sourceimport.php on line 96
[25-May-2014 16:36:33 UTC] PHP Warning:  rename(/homez.343/immoneda/www/eng/adenimmoeb4allcz_IMMONET_20140514174726.zip,): No such file or directory in /homez.343/immoneda/www/wp-content/plugins/estateprogram/public/class-sourceimport.php on line 96
[25-May-2014 16:36:34 UTC] PHP Warning:  rename(/homez.343/immoneda/www/fre/adenimmoeb4allcz_IMMONET_20140515111640.zip,): No such file or directory in /homez.343/immoneda/www/wp-content/plugins/estateprogram/public/class-sourceimport.php on line 96
[25-May-2014 16:36:35 UTC] PHP Warning:  rename(/homez.343/immoneda/www/eng/adenimmoeb4allcz_IMMONET_20140515111731.zip,): No such file or directory in /homez.343/immoneda/www/wp-content/plugins/estateprogram/public/class-sourceimport.php on line 96
[25-May-2014 16:36:36 UTC] PHP Warning:  rename(/homez.343/immoneda/www/fre/adenimmoeb4allcz_IMMONET_20140515111525.zip,): No such file or directory in /homez.343/immoneda/www/wp-content/plugins/estateprogram/public/class-sourceimport.php on line 96
[25-May-2014 16:36:36 UTC] PHP Warning:  rename(/homez.343/immoneda/www/eng/adenimmoeb4allcz_IMMONET_20140515111804.zip,): No such file or directory in /homez.343/immoneda/www/wp-content/plugins/estateprogram/public/class-sourceimport.php on line 96
[25-May-2014 16:36:37 UTC] PHP Warning:  rename(/homez.343/immoneda/www/fre/adenimmoeb4allcz_IMMONET_20140515111758.zip,): No such file or directory in /homez.343/immoneda/www/wp-content/plugins/estateprogram/public/class-sourceimport.php on line 96
[25-May-2014 16:36:39 UTC] PHP Warning:  rename(/homez.343/immoneda/www/eng/adenimmoeb4allcz_IMMONET_20140515111444.zip,): No such file or directory in /homez.343/immoneda/www/wp-content/plugins/estateprogram/public/class-sourceimport.php on line 96
[25-May-2014 16:36:40 UTC] PHP Warning:  rename(/homez.343/immoneda/www/fre/adenimmoeb4allcz_IMMONET_20140513170817.zip,): No such file or directory in /homez.343/immoneda/www/wp-content/plugins/estateprogram/public/class-sourceimport.php on line 96
[25-May-2014 16:36:41 UTC] PHP Warning:  rename(/homez.343/immoneda/www/eng/adenimmoeb4allcz_IMMONET_20140515111653.zip,): No such file or directory in /homez.343/immoneda/www/wp-content/plugins/estateprogram/public/class-sourceimport.php on line 96
[25-May-2014 16:37:44 UTC] PHP Notice:  Constant ABSPATH already defined in /homez.343/immoneda/www/wp-load.php on line 22
[25-May-2014 16:44:20 UTC] PHP Notice:  Constant ABSPATH already defined in /homez.343/immoneda/www/wp-load.php on line 22
[25-May-2014 16:44:27 UTC] PHP Notice:  Constant ABSPATH already defined in /homez.343/immoneda/www/wp-load.php on line 22
[25-May-2014 16:44:37 UTC] PHP Notice:  Constant ABSPATH already defined in /homez.343/immoneda/www/wp-load.php on line 22
[25-May-2014 16:44:42 UTC] PHP Notice:  Constant ABSPATH already defined in /homez.343/immoneda/www/wp-load.php on line 22
[25-May-2014 16:44:54 UTC] PHP Notice:  Constant ABSPATH already defined in /homez.343/immoneda/www/wp-load.php on line 22
[25-May-2014 16:44:57 UTC] PHP Notice:  Constant ABSPATH already defined in /homez.343/immoneda/www/wp-load.php on line 22
[25-May-2014 16:44:58 UTC] PHP Notice:  Constant ABSPATH already defined in /homez.343/immoneda/www/wp-load.php on line 22
[25-May-2014 16:45:03 UTC] PHP Notice:  Constant ABSPATH already defined in /homez.343/immoneda/www/wp-load.php on line 22
[25-May-2014 16:45:28 UTC] PHP Warning:  ZipArchive::extractTo(): Invalid or unitialized Zip object in /homez.343/immoneda/www/wp-content/plugins/estateprogram/public/class-sourceimport.php on line 477
[25-May-2014 16:45:29 UTC] PHP Warning:  rename(/homez.343/immoneda/www/fre/adenimmoeb4allcz_IMMONET_20140515111726.zip,/homez.343/immoneda/www/fre/archiv/adenimmoeb4allcz_IMMONET_20140515111726.zip): No such file or directory in /homez.343/immoneda/www/wp-content/plugins/estateprogram/public/class-sourceimport.php on line 96
[25-May-2014 16:45:44 UTC] PHP Warning:  rename(/homez.343/immoneda/www/eng/adenimmoeb4allcz_IMMONET_20140513170823.zip,/homez.343/immoneda/www/eng/archiv/adenimmoeb4allcz_IMMONET_20140513170823.zip): No such file or directory in /homez.343/immoneda/www/wp-content/plugins/estateprogram/public/class-sourceimport.php on line 96
[25-May-2014 16:46:15 UTC] PHP Warning:  rename(/homez.343/immoneda/www/fre/adenimmoeb4allcz_IMMONET_20140515111520.zip,/homez.343/immoneda/www/fre/archiv/adenimmoeb4allcz_IMMONET_20140515111520.zip): No such file or directory in /homez.343/immoneda/www/wp-content/plugins/estateprogram/public/class-sourceimport.php on line 96
[25-May-2014 16:46:16 UTC] PHP Warning:  ZipArchive::extractTo(): Invalid or unitialized Zip object in /homez.343/immoneda/www/wp-content/plugins/estateprogram/public/class-sourceimport.php on line 477
[25-May-2014 16:46:38 UTC] PHP Warning:  rename(/homez.343/immoneda/www/fre/adenimmoeb4allcz_IMMONET_20140515111437.zip,/homez.343/immoneda/www/fre/archiv/adenimmoeb4allcz_IMMONET_20140515111437.zip): No such file or directory in /homez.343/immoneda/www/wp-content/plugins/estateprogram/public/class-sourceimport.php on line 96
[25-May-2014 16:47:02 UTC] PHP Warning:  rename(/homez.343/immoneda/www/eng/adenimmoeb4allcz_IMMONET_20140515111603.zip,/homez.343/immoneda/www/eng/archiv/adenimmoeb4allcz_IMMONET_20140515111603.zip): No such file or directory in /homez.343/immoneda/www/wp-content/plugins/estateprogram/public/class-sourceimport.php on line 96
[25-May-2014 16:47:18 UTC] PHP Warning:  rename(/homez.343/immoneda/www/fre/adenimmoeb4allcz_IMMONET_20140515111640.zip,/homez.343/immoneda/www/fre/archiv/adenimmoeb4allcz_IMMONET_20140515111640.zip): No such file or directory in /homez.343/immoneda/www/wp-content/plugins/estateprogram/public/class-sourceimport.php on line 96
[25-May-2014 16:47:36 UTC] PHP Warning:  rename(/homez.343/immoneda/www/eng/adenimmoeb4allcz_IMMONET_20140515111804.zip,/homez.343/immoneda/www/eng/archiv/adenimmoeb4allcz_IMMONET_20140515111804.zip): No such file or directory in /homez.343/immoneda/www/wp-content/plugins/estateprogram/public/class-sourceimport.php on line 96
[25-May-2014 16:48:05 UTC] PHP Notice:  Constant ABSPATH already defined in /homez.343/immoneda/www/wp-load.php on line 22
[25-May-2014 16:50:00 UTC] PHP Notice:  Constant ABSPATH already defined in /homez.343/immoneda/www/wp-load.php on line 22
[25-May-2014 16:50:33 UTC] PHP Notice:  Constant ABSPATH already defined in /homez.343/immoneda/www/wp-load.php on line 22
